13:23:31,203 DEBUG Operaciones:217 - SELECT u FROM Usuario u
13:23:31,293 DEBUG Operaciones:233 - dam2.add.p8.Usuario@117e949d
13:23:31,293 DEBUG Operaciones:133 - dam2.add.p8.Usuario@117e949d
13:23:31,311  INFO Operaciones:140 - Admin le quedan 2 intentos
13:23:31,312 DEBUG Operaciones:40 - false
13:23:31,312  INFO Operaciones:47 - Intento de logueo: Admin
13:23:52,184 DEBUG Operaciones:217 - SELECT u FROM Usuario u
13:23:52,190 DEBUG Operaciones:233 - dam2.add.p8.Usuario@1d8bd0de
13:23:52,190 DEBUG Operaciones:133 - dam2.add.p8.Usuario@1d8bd0de
13:23:52,201  INFO Operaciones:140 - Admin le quedan 1 intentos
13:23:52,202 DEBUG Operaciones:40 - false
13:23:52,202  INFO Operaciones:47 - Intento de logueo: Admin
13:25:17,187 DEBUG Operaciones:80 - dam2.add.p8.Usuario@34c4973
13:25:17,715 DEBUG Operaciones:157 - dam2.add.p8.Usuario@359df09a
13:25:38,460 DEBUG Operaciones:217 - SELECT u FROM Usuario u
13:25:38,581 DEBUG Operaciones:233 - dam2.add.p8.Usuario@31edaa7d
13:25:38,581 DEBUG Operaciones:133 - dam2.add.p8.Usuario@31edaa7d
13:25:38,592  INFO Operaciones:140 - Admin le quedan 2 intentos
13:25:38,592 DEBUG Operaciones:40 - false
13:25:38,592  INFO Operaciones:47 - Intento de logueo: Admin
13:29:39,656 DEBUG Operaciones:218 - SELECT u FROM Usuario u
13:29:39,746 DEBUG Operaciones:234 - dam2.add.p8.Usuario@6db9f5a4
13:29:39,746 DEBUG Operaciones:134 - dam2.add.p8.Usuario@6db9f5a4
13:29:39,764  INFO Operaciones:141 - Admin le quedan 1 intentos
13:29:39,764 DEBUG Operaciones:40 - false
13:29:39,764  INFO Operaciones:47 - Intento de logueo: Admin
13:31:39,256 DEBUG Operaciones:217 - SELECT u FROM Usuario u
13:31:39,345 DEBUG Operaciones:233 - dam2.add.p8.Usuario@6db9f5a4
13:31:39,346 DEBUG Operaciones:133 - dam2.add.p8.Usuario@6db9f5a4
13:31:39,364  INFO Operaciones:140 - Admin le quedan 2 intentos
13:31:39,364 DEBUG Operaciones:40 - false
13:31:39,364  INFO Operaciones:47 - Intento de logueo: Admin
13:32:40,374 DEBUG Operaciones:217 - SELECT u FROM Usuario u
13:32:40,453 DEBUG Operaciones:40 - true
13:32:40,453  INFO Operaciones:44 - Logueado correctamente: Juan
13:32:47,778 DEBUG Operaciones:217 - SELECT u FROM Usuario u
13:32:47,781  INFO Operaciones:114 - Pepe bloqueado
13:32:47,781 DEBUG Operaciones:40 - false
13:32:47,781  INFO Operaciones:47 - Intento de logueo: Pepe
13:32:59,224 DEBUG Operaciones:217 - SELECT u FROM Usuario u
13:32:59,243 DEBUG Operaciones:233 - dam2.add.p8.Usuario@57250572
13:32:59,244 DEBUG Operaciones:133 - dam2.add.p8.Usuario@57250572
13:32:59,261  INFO Operaciones:140 - Mario le quedan 1 intentos
13:32:59,261 DEBUG Operaciones:40 - false
13:32:59,261  INFO Operaciones:47 - Intento de logueo: Mario
13:39:55,793 DEBUG Operaciones:80 - dam2.add.p8.Usuario@34c4973
13:39:56,357 DEBUG Operaciones:158 - dam2.add.p8.Usuario@359df09a
13:40:02,229 DEBUG Operaciones:218 - SELECT u FROM Usuario u
13:40:02,351 DEBUG Operaciones:234 - dam2.add.p8.Usuario@1890516e
13:40:02,351 DEBUG Operaciones:134 - dam2.add.p8.Usuario@1890516e
13:40:02,362  INFO Operaciones:141 - Admin le quedan 1 intentos
13:40:02,363 DEBUG Operaciones:40 - false
13:40:02,363  INFO Operaciones:47 - Intento de logueo: Admin
13:43:09,844 DEBUG Operaciones:218 - SELECT u FROM Usuario u
13:43:09,922 DEBUG Operaciones:40 - false
13:43:09,922  INFO Operaciones:47 - Intento de logueo: Juan
13:43:39,386 DEBUG Operaciones:218 - SELECT u FROM Usuario u
13:43:39,474 DEBUG Operaciones:234 - dam2.add.p8.Usuario@762ef0ea
13:43:39,474 DEBUG Operaciones:134 - dam2.add.p8.Usuario@762ef0ea
13:43:39,492  INFO Operaciones:141 - Juan le quedan 2 intentos
13:43:39,492 DEBUG Operaciones:40 - false
13:43:39,493  INFO Operaciones:47 - Intento de logueo: Juan
13:43:51,236 DEBUG Operaciones:218 - SELECT u FROM Usuario u
13:43:51,237 DEBUG Operaciones:40 - true
13:43:51,238  INFO Operaciones:44 - Logueado correctamente: Juan
13:47:30,296 DEBUG Operaciones:219 - SELECT u FROM Usuario u
13:47:30,384 DEBUG Operaciones:235 - dam2.add.p8.Usuario@762ef0ea
13:47:30,384 DEBUG Operaciones:135 - dam2.add.p8.Usuario@762ef0ea
13:47:30,403  INFO Operaciones:142 - Admin le quedan 2 intentos
13:47:30,404 DEBUG Operaciones:40 - false
13:47:30,404  INFO Operaciones:47 - Intento de logueo: Admin
13:47:58,218 DEBUG Operaciones:219 - SELECT u FROM Usuario u
13:47:58,309 DEBUG Operaciones:235 - dam2.add.p8.Usuario@762ef0ea
13:47:58,309 DEBUG Operaciones:135 - dam2.add.p8.Usuario@762ef0ea
13:47:58,321  INFO Operaciones:142 - Admin le quedan 1 intentos
13:47:58,321 DEBUG Operaciones:40 - false
13:47:58,321  INFO Operaciones:47 - Intento de logueo: Admin
13:48:38,470 DEBUG Operaciones:219 - SELECT u FROM Usuario u
13:50:53,714 DEBUG Operaciones:219 - SELECT u FROM Usuario u
13:52:33,859 DEBUG Operaciones:219 - SELECT u FROM Usuario u
13:54:00,957 DEBUG Operaciones:219 - SELECT u FROM Usuario u
13:54:15,878 DEBUG Operaciones:219 - SELECT u FROM Usuario u
13:54:47,148 DEBUG Operaciones:217 - SELECT u FROM Usuario u
13:54:47,228 DEBUG Operaciones:217 - SELECT u FROM Usuario u
11:47:59,387 DEBUG Operaciones:81 - dam2.add.p8.Usuario@2fb3536e
11:48:32,669 DEBUG Operaciones:158 - dam2.add.p8.Usuario@61a5b4ae
14:01:34,549 DEBUG Operaciones:82 - dam2.add.p8.Usuario@20ccf40b
14:01:49,648 DEBUG Operaciones:159 - dam2.add.p8.Usuario@4102b1b1
14:29:57,465 DEBUG Operaciones:79 - dam2.add.p8.Usuario@34c4973
14:29:58,030 DEBUG Operaciones:156 - dam2.add.p8.Usuario@359df09a
11:13:20,780 DEBUG Operaciones:82 - dam2.add.p8.Usuario@34c4973
11:13:21,719 DEBUG Operaciones:159 - dam2.add.p8.Usuario@359df09a
11:19:13,411 DEBUG Operaciones:82 - dam2.add.p8.Usuario@3043fe0e
11:19:14,022 DEBUG Operaciones:159 - dam2.add.p8.Usuario@19932c16
11:20:47,111 DEBUG Operaciones:219 - SELECT u FROM Usuario u
11:20:47,263 DEBUG Operaciones:41 - true
11:20:47,263  INFO Operaciones:45 - Logueado correctamente: Mario
11:21:18,112 DEBUG Operaciones:219 - SELECT u FROM Usuario u
11:21:18,114 DEBUG Operaciones:219 - SELECT u FROM Usuario u
11:29:41,245 DEBUG Operaciones:235 - dam2.add.p8.Usuario@4d6025c5
11:29:41,245 DEBUG Operaciones:198 - dam2.add.p8.Usuario@4d6025c5
11:29:41,255  INFO Operaciones:207 - Reestablecido los intentos del usuario 15
11:29:41,255 DEBUG Operaciones:41 - true
11:29:41,256  INFO Operaciones:45 - Logueado correctamente: Admin
11:29:58,051 DEBUG Operaciones:219 - SELECT u FROM Usuario u
11:29:58,054 DEBUG Operaciones:235 - dam2.add.p8.Usuario@39d76cb5
11:29:58,054 DEBUG Operaciones:135 - dam2.add.p8.Usuario@39d76cb5
11:29:58,064  INFO Operaciones:142 - Mario le quedan 2 intentos
11:29:58,065 DEBUG Operaciones:41 - false
11:29:58,065  INFO Operaciones:48 - Intento de logueo: Mario
11:30:46,636 DEBUG Operaciones:219 - SELECT u FROM Usuario u
11:30:46,640 DEBUG Operaciones:235 - dam2.add.p8.Usuario@59e2d8e3
11:30:46,640 DEBUG Operaciones:135 - dam2.add.p8.Usuario@59e2d8e3
11:30:46,649  INFO Operaciones:142 - Mario le quedan 1 intentos
11:30:46,649 DEBUG Operaciones:41 - false
11:30:46,649  INFO Operaciones:48 - Intento de logueo: Mario
11:30:52,982 DEBUG Operaciones:219 - SELECT u FROM Usuario u
11:30:52,985 DEBUG Operaciones:235 - dam2.add.p8.Usuario@5d99c6b5
11:30:52,985 DEBUG Operaciones:135 - dam2.add.p8.Usuario@5d99c6b5
11:30:52,992  INFO Operaciones:142 - Mario le quedan 0 intentos
11:30:52,993 DEBUG Operaciones:41 - false
11:30:52,993  INFO Operaciones:48 - Intento de logueo: Mario
11:31:01,172 DEBUG Operaciones:219 - SELECT u FROM Usuario u
11:31:01,175 DEBUG Operaciones:219 - SELECT u FROM Usuario u
11:31:06,813 DEBUG Operaciones:235 - dam2.add.p8.Usuario@55c53a33
11:31:06,813 DEBUG Operaciones:198 - dam2.add.p8.Usuario@55c53a33
11:31:06,821  INFO Operaciones:207 - Reestablecido los intentos del usuario 14
11:31:06,821 DEBUG Operaciones:41 - true
11:31:06,821  INFO Operaciones:45 - Logueado correctamente: Admin
11:31:51,039 DEBUG Operaciones:82 - dam2.add.p8.Usuario@6b58b9e9
11:31:51,040 DEBUG Operaciones:159 - dam2.add.p8.Usuario@f14a7d4
11:32:15,737 DEBUG Operaciones:219 - SELECT u FROM Usuario u
11:32:15,739 DEBUG Operaciones:235 - dam2.add.p8.Usuario@3ddc6915
11:32:15,739 DEBUG Operaciones:135 - dam2.add.p8.Usuario@3ddc6915
11:32:15,748  INFO Operaciones:142 - Admin le quedan 2 intentos
11:32:15,748 DEBUG Operaciones:41 - false
11:32:15,749  INFO Operaciones:48 - Intento de logueo: Admin
